<?xml version="1.0" encoding="UTF-8"?>
<testng-results ignored="0" total="1" passed="1" failed="0" skipped="0">
  <reporter-output>
  </reporter-output>
  <suite started-at="2023-11-28T16:15:22Z" name="Autoamtion Suite for Saucedemo" finished-at="2023-11-28T16:15:23Z" duration-ms="1148">
    <groups>
    </groups>
    <test started-at="2023-11-28T16:15:22Z" name="Functional Testcases for Saucedemo" finished-at="2023-11-28T16:15:23Z" duration-ms="1148">
      <class name="saucedemo.testcases.LoginPageTest">
        <test-method signature="loginWithValidCredentials()[pri:0, instance:saucedemo.testcases.LoginPageTest@607fbe09]" started-at="2023-11-28T21:45:23Z" name="loginWithValidCredentials" finished-at="2023-11-28T21:45:23Z" duration-ms="119" status="PASS">
          <reporter-output>
          </reporter-output>
        </test-method> <!-- loginWithValidCredentials -->
      </class> <!-- saucedemo.testcases.LoginPageTest -->
    </test> <!-- Functional Testcases for Saucedemo -->
  </suite> <!-- Autoamtion Suite for Saucedemo -->
</testng-results>
